12:46:08.676 [main] INFO  com.accurate.automationScripts.Accurate_TransferInvoiceAndCustomer - https://portal.incorp.asia/myportal/ URL Opened Successfully in chrome browser
14:00:41.084 [main] INFO  com.accurate.automationScripts.Accurate_TransferInvoiceAndCustomer - https://portal.incorp.asia/myportal/ URL Opened Successfully in chrome browser
14:03:03.970 [main] INFO  com.accurate.automationScripts.Accurate_TransferInvoiceAndCustomer - WebElement could not be able to find in the webpage
14:18:11.650 [main] INFO  com.accurate.automationScripts.Accurate_TransferInvoiceAndCustomer - https://portal.incorp.asia/myportal/ URL Opened Successfully in chrome browser
16:01:39.283 [main] INFO  com.accurate.automationScripts.Accurate_TransferInvoiceAndCustomer - https://portal.incorp.asia/myportal/ URL Opened Successfully in chrome browser
16:06:45.439 [main] INFO  com.accurate.automationScripts.Accurate_TransferInvoiceAndCustomer - https://portal.incorp.asia/myportal/ URL Opened Successfully in chrome browser
16:09:38.169 [main] INFO  com.accurate.automationScripts.Accurate_TransferInvoiceAndCustomer - https://portal.incorp.asia/myportal/ URL Opened Successfully in chrome browser
15:04:14.771 [main] INFO  com.accurate.automationScripts.Accurate_TransferInvoiceAndCustomer - https://portal.incorp.asia/myportal/ URL Opened Successfully in chrome browser
15:12:37.283 [main] INFO  com.accurate.automationScripts.Accurate_TransferInvoiceAndCustomer - https://portal.incorp.asia/myportal/ URL Opened Successfully in chrome browser
16:32:36.829 [main] INFO  com.accurate.automationScripts.Accurate_TransferInvoiceAndCustomer - https://portal.incorp.asia/myportal/ URL Opened Successfully in chrome browser
16:34:20.615 [main] INFO  com.accurate.automationScripts.Accurate_TransferInvoiceAndCustomer - https://portal.incorp.asia/myportal/ URL Opened Successfully in chrome browser
17:05:39.164 [main] INFO  com.accurate.automationScripts.Accurate_TransferInvoiceAndCustomer - https://portal.incorp.asia/myportal/ URL Opened Successfully in chrome browser
17:28:37.522 [main] INFO  com.accurate.automationScripts.Accurate_TransferInvoiceAndCustomer - https://portal.incorp.asia/myportal/ URL Opened Successfully in chrome browser
17:30:38.563 [main] INFO  com.accurate.automationScripts.Accurate_TransferInvoiceAndCustomer - Screenshot captured for Accurate Sync Page
17:31:15.792 [main] INFO  com.accurate.automationScripts.Accurate_TransferInvoiceAndCustomer - Screenshot captured for Accurate Sync Page
16:51:27.604 [main] INFO  com.accurate.automationScripts.Accurate_TransferInvoiceAndCustomer - https://portal.incorp.asia/myportal/ URL Opened Successfully in chrome browser
16:54:07.526 [main] INFO  com.accurate.automationScripts.Accurate_TransferInvoiceAndCustomer - Screenshot captured for Accurate Sync Page
17:07:10.664 [main] INFO  com.accurate.automationScripts.Accurate_TransferInvoiceAndCustomer - https://portal.incorp.asia/myportal/ URL Opened Successfully in chrome browser
17:07:36.790 [main] INFO  com.accurate.automationScripts.Accurate_TransferInvoiceAndCustomer - Screenshot captured for Accurate Sync Page
17:05:37.755 [main] INFO  com.accurate.automationScripts.Accurate_TransferInvoiceAndCustomer - https://portal.incorp.asia/myportal/ URL Opened Successfully in chrome browser
17:06:03.439 [main] INFO  com.accurate.automationScripts.Accurate_TransferInvoiceAndCustomer - Screenshot captured for Accurate Sync Page
17:07:15.859 [main] INFO  com.accurate.automationScripts.Accurate_TransferInvoiceAndCustomer - Screenshot captured for Accurate Sync Page
16:49:31.974 [main] INFO  com.accurate.automationScripts.Accurate_TransferInvoiceAndCustomer - https://portal.incorp.asia/myportal/ URL Opened Successfully in chrome browser
16:49:53.372 [main] INFO  com.accurate.automationScripts.Accurate_TransferInvoiceAndCustomer - Screenshot captured for Accurate Sync Page
17:02:15.223 [main] INFO  com.accurate.automationScripts.Accurate_TransferInvoiceAndCustomer - https://portal.incorp.asia/myportal/ URL Opened Successfully in chrome browser
17:03:18.764 [main] INFO  com.accurate.automationScripts.Accurate_TransferInvoiceAndCustomer - Screenshot captured for Accurate Sync Page
17:04:27.678 [main] INFO  com.accurate.automationScripts.Accurate_TransferInvoiceAndCustomer - Screenshot captured for Accurate Sync Page
17:39:17.932 [main] INFO  com.accurate.automationScripts.Accurate_TransferInvoiceAndCustomer - https://portal.incorp.asia/myportal/ URL Opened Successfully in chrome browser
17:40:52.614 [main] INFO  com.accurate.automationScripts.Accurate_TransferInvoiceAndCustomer - https://portal.incorp.asia/myportal/ URL Opened Successfully in chrome browser
17:02:47.231 [main] INFO  com.accurate.automationScripts.Accurate_TransferInvoiceAndCustomer - https://portal.incorp.asia/myportal/ URL Opened Successfully in chrome browser
17:03:08.779 [main] INFO  com.accurate.automationScripts.Accurate_TransferInvoiceAndCustomer - Screenshot captured for Accurate Sync Page
17:04:07.613 [main] INFO  com.accurate.automationScripts.Accurate_TransferInvoiceAndCustomer - Screenshot captured for Accurate Sync Page
17:05:27.064 [main] INFO  com.accurate.automationScripts.Accurate_TransferInvoiceAndCustomer - https://portal.incorp.asia/myportal/ URL Opened Successfully in chrome browser
17:05:47.619 [main] INFO  com.accurate.automationScripts.Accurate_TransferInvoiceAndCustomer - Screenshot captured for Accurate Sync Page
17:06:14.468 [main] INFO  com.accurate.automationScripts.Accurate_TransferInvoiceAndCustomer - Screenshot captured for Accurate Sync Page
17:05:41.142 [main] INFO  com.accurate.automationScripts.Accurate_TransferInvoiceAndCustomer - https://portal.incorp.asia/myportal/ URL Opened Successfully in chrome browser
17:06:13.787 [main] INFO  com.accurate.automationScripts.Accurate_TransferInvoiceAndCustomer - Screenshot captured for Accurate Sync Page
17:08:17.734 [main] INFO  com.accurate.automationScripts.Accurate_TransferInvoiceAndCustomer - Screenshot captured for Accurate Sync Page
17:05:48.746 [main] INFO  com.accurate.automationScripts.Accurate_TransferInvoiceAndCustomer - https://portal.incorp.asia/myportal/ URL Opened Successfully in chrome browser
17:06:08.801 [main] INFO  com.accurate.automationScripts.Accurate_TransferInvoiceAndCustomer - Total Number of Invoices are 8
17:06:09.164 [main] INFO  com.accurate.automationScripts.Accurate_TransferInvoiceAndCustomer - Screenshot captured for Accurate Sync Page
17:06:09.399 [main] INFO  com.accurate.automationScripts.Accurate_TransferInvoiceAndCustomer - All Invoices have the customer
17:06:09.553 [main] INFO  com.accurate.automationScripts.Accurate_TransferInvoiceAndCustomer - Check All Invoice Checkbox clicked sucessfully
17:06:09.704 [main] INFO  com.accurate.automationScripts.Accurate_TransferInvoiceAndCustomer - Check All Invoice Checkbox clicked sucessfully
17:06:34.838 [main] INFO  com.accurate.automationScripts.Accurate_TransferInvoiceAndCustomer - Alert accepted successfully
17:06:34.839 [main] INFO  com.accurate.automationScripts.Accurate_TransferInvoiceAndCustomer - Completed full Transfer Invoice process with alert handling
17:06:38.122 [main] INFO  com.accurate.automationScripts.Accurate_TransferInvoiceAndCustomer - Screenshot captured for Accurate Sync Page
